[ 2015-09-16 16:36:02.6310 7258/0x7fff79de6300 age/Wat/Main.cpp:1264 ]: Starting PassengerAgent watchdog...
[ 2015-09-16 16:36:02.6555 7260/0x7fff79de6300 age/Hel/Main.cpp:891 ]: Starting PassengerAgent server...
[ 2015-09-16 16:36:02.6564 7260/0x7fff79de6300 age/Hel/Main.cpp:234 ]: PassengerAgent server running in multi-application mode.
[ 2015-09-16 16:36:02.6687 7260/0x7fff79de6300 age/Hel/Main.cpp:645 ]: PassengerAgent server online, PID 7260
[ 2015-09-16 16:36:02.6846 7262/0x7fff79de6300 age/Log/Main.cpp:439 ]: Starting PassengerAgent logger...
[ 2015-09-16 16:36:02.6870 7262/0x7fff79de6300 age/Log/Main.cpp:320 ]: PassengerAgent logger online, PID 7262
App 7290 stdout: 
App 7304 stdout: 
App 7307 stdout: 
App 7314 stdout: 
[ 2015-09-16 16:41:12.7501 7260/0x101063000 age/Hel/Main.cpp:732 ]: Disconnecting long-running connections for process 7307, application /Users/karthik/ruby/albums/public (development)#default
[ 2015-09-16 16:41:12.7519 7260/0x101063000 age/Hel/Main.cpp:732 ]: Disconnecting long-running connections for process 7314, application /Users/karthik/ruby/albums/public (development)#default
App 8404 stdout: 
App 8431 stdout: 
[ 2015-09-16 16:49:22.8128 7260/0x101063000 age/Hel/Main.cpp:732 ]: Disconnecting long-running connections for process 8431, application /Users/karthik/ruby/albums/public (development)#default

[ 2015-09-16 17:48:39.0774 7260/0x10128d000 age/Hel/Main.cpp:455 ]: Signal received. Gracefully shutting down... (send signal 2 more time(s) to force shutdown)
[ 2015-09-16 17:48:39.0777 7260/0x7fff79de6300 age/Hel/Main.cpp:814 ]: Received command to shutdown gracefully. Waiting until all clients have disconnected...
[ 2015-09-16 17:48:39.0778 7260/0x7fff79de6300 age/Hel/Main.cpp:732 ]: Disconnecting long-running connections for process 7304, application /Users/karthik/ruby/albums/public (development)#default
[ 2015-09-16 17:48:39.0786 7260/0x10128d000 Ser/Server.h:455 ]: [ServerThr.1] Shutdown finished
[ 2015-09-16 17:48:39.0789 7260/0x101310000 Ser/Server.h:455 ]: [ServerThr.2] Shutdown finished
[ 2015-09-16 17:48:39.0792 7260/0x101416000 Ser/Server.h:455 ]: [ServerThr.4] Shutdown finished
[ 2015-09-16 17:48:39.0793 7260/0x101393000 Ser/Server.h:455 ]: [ServerThr.3] Shutdown finished

[ 2015-09-16 17:48:39.0799 7262/0x100b9b000 age/Log/Main.cpp:346 ]: Signal received. Gracefully shutting down... (send signal 2 more time(s) to force shutdown)
[ 2015-09-16 17:48:39.0804 7262/0x7fff79de6300 age/Log/Main.cpp:408 ]: Received command to shutdown gracefully. Waiting until all clients have disconnected...
[ 2015-09-16 17:48:39.0800 7260/0x101499000 Ser/Server.h:455 ]: [AdminServer] Shutdown finished
[ 2015-09-16 17:48:39.0809 7262/0x100b9b000 Ser/Server.h:455 ]: [LoggerAdminServer] Shutdown finished
[ 2015-09-16 17:48:39.0826 7262/0x7fff79de6300 age/Log/Main.cpp:433 ]: PassengerAgent logger shutdown finished
[ 2015-09-16 17:48:39.0828 7260/0x7fff79de6300 age/Hel/Main.cpp:732 ]: Disconnecting long-running connections for process 7304, application /Users/karthik/ruby/albums/public (development)#default
App 7290 stderr: [ 2015-09-16 17:48:39.1097 7304/0x007fa314011ff8(HTTP helper worker) utils.rb:85 ]: *** Exception Errno::EBADF (Bad file descriptor) (process 7304, thread 0x007fa314011ff8(HTTP helper worker)):
App 7290 stderr: 	from /Users/karthik/.rbenv/versions/2.1.3/lib/ruby/gems/2.1.0/gems/passenger-5.0.5/lib/phusion_passenger/request_handler/thread_handler.rb:133:in `accept'
App 7290 stderr: 	from /Users/karthik/.rbenv/versions/2.1.3/lib/ruby/gems/2.1.0/gems/passenger-5.0.5/lib/phusion_passenger/request_handler/thread_handler.rb:133:in `accept_and_pro
[ 2015-09-16 17:48:41.1120 7260/0x7fff79de6300 age/Hel/Main.cpp:876 ]: PassengerAgent server shutdown finished
